<?xml version="1.0" encoding="UTF-8" ?>
<testsuite failures="0" time="31.645" errors="0" skipped="0" tests="4" name="com.citysocializer.test.web.LoginPageTest">
  <properties>
[...]
</properties>
  <testcase time="25.311" classname="com.citysocializer.test.web.LoginPageTest" name="testLogin"/>
  <testcase time="3.056" classname="com.citysocializer.test.web.LoginPageTest" name="testLogin2"/>
  <testcase time="1.658" classname="com.citysocializer.test.web.LoginPageTest" name="testLogin3"/>
  <testcase time="1.62" classname="com.citysocializer.test.web.LoginPageTest" name="testLogin4"/>
</testsuite>